aliPay-andrioid/alipay_demo/app/build/outputs/mapping/release/seeds.txt
com.alipay.sdk.pay.demo.R$styleable: int MenuItem_tooltipText
com.alipay.sdk.pay.demo.R$styleable: int[] AlertDialog
com.alipay.sdk.pay.demo.R$dimen: int abc_progress_bar_height_material
com.alipay.sdk.pay.demo.R$drawable: int abc_btn_switch_to_on_mtrl_00012
com.alipay.sdk.pay.demo.R$styleable: int AppCompatTheme_actionModeShareDrawable
com.alipay.sdk.pay.demo.R$dimen: int abc_control_padding_material
com.alipay.sdk.pay.demo.R$bool: int abc_action_bar_embed_tabs
com.alipay.sdk.pay.demo.R$id: int search_button
com.alipay.sdk.pay.demo.R$styleable: int CoordinatorLayout_Layout_layout_behavior
com.alipay.sdk.pay.demo.R$styleable: int SearchView_queryBackground
com.alipay.sdk.pay.demo.R$styleable: int ActionBar_popupTheme
com.alipay.sdk.pay.demo.R$attr: int contentInsetEnd
com.alipay.sdk.pay.demo.R$integer: int config_tooltipAnimTime
com.alipay.sdk.pay.demo.R$style: int Theme_AppCompat_Light_Dialog_MinWidth
com.alipay.sdk.pay.demo.R$string: int abc_menu_enter_shortcut_label
com.alipay.sdk.pay.demo.R$style: int TextAppearance_Compat_Notification_Time
com.alipay.sdk.pay.demo.R$attr: int listChoiceBackgroundIndicator
com.alipay.sdk.pay.demo.R$string: int auth_failed
com.alipay.sdk.pay.demo.R$attr: int switchTextAppearance
com.alipay.sdk.pay.demo.R$styleable: int SearchView_searchIcon
com.alipay.sdk.pay.demo.R$styleable: int AlertDialog_buttonIconDimen
com.alipay.sdk.pay.demo.R$styleable: int AppCompatTheme_colorBackgroundFloating
com.alipay.sdk.pay.demo.R$attr: int editTextColor
com.alipay.sdk.pay.demo.R$attr: int editTextStyle
com.alipay.sdk.pay.demo.R$style: int TextAppearance_AppCompat_Widget_ActionMode_Subtitle
com.alipay.sdk.pay.demo.R$attr: int contentInsetStartWithNavigation
com.alipay.sdk.pay.demo.R$layout: int abc_list_menu_item_checkbox
com.alipay.sdk.pay.demo.R$styleable: int MenuItem_actionViewClass
com.alipay.sdk.pay.demo.R$dimen: int notification_small_icon_size_as_large
com.alipay.sdk.pay.demo.R$styleable: int CompoundButton_android_button
com.alipay.sdk.pay.demo.R$layout: int notification_template_media_custom
com.alipay.sdk.pay.demo.PayDemoActivity: android.os.Handler access$100(com.alipay.sdk.pay.demo.PayDemoActivity)
com.alipay.sdk.pay.demo.R$attr: int textAppearanceListItemSmall
com.alipay.sdk.pay.demo.Base64: char PAD
com.alipay.sdk.pay.demo.R$styleable: int AppCompatTheme_textAppearancePopupMenuHeader
com.alipay.sdk.pay.demo.R$layout: int abc_alert_dialog_title_material
com.alipay.sdk.pay.demo.R$attr: int windowFixedWidthMinor
com.alipay.sdk.pay.demo.R$style: int Widget_AppCompat_Light_PopupMenu
com.alipay.sdk.pay.demo.R$style: int ThemeOverlay_AppCompat
com.alipay.sdk.pay.demo.R$layout: int support_simple_spinner_dropdown_item
com.alipay.sdk.pay.demo.R$drawable: int abc_text_cursor_material
com.alipay.sdk.pay.demo.R$style: int Widget_AppCompat_ButtonBar_AlertDialog
com.alipay.sdk.pay.demo.R$attr: int titleTextColor
com.alipay.sdk.pay.demo.R$styleable: int AppCompatTheme_spinnerDropDownItemStyle
com.alipay.sdk.pay.demo.R$styleable: int AnimatedStateListDrawableCompat_android_exitFadeDuration
com.alipay.sdk.pay.demo.R$attr: int actionModeBackground
com.alipay.sdk.pay.demo.R$id: int action_bar_spinner
com.alipay.sdk.pay.demo.R$attr: int dialogPreferredPadding
com.alipay.sdk.pay.demo.R$attr: int windowNoTitle
com.alipay.sdk.pay.demo.PayDemoActivity: int SDK_PAY_FLAG
com.alipay.sdk.pay.demo.R$dimen: int abc_action_bar_content_inset_material
com.alipay.sdk.pay.demo.R$style: int Base_TextAppearance_AppCompat_Display1
com.alipay.sdk.pay.demo.R$style: int Base_TextAppearance_AppCompat_Small
com.alipay.sdk.pay.demo.R$dimen: int abc_disabled_alpha_material_dark
com.alipay.sdk.pay.demo.R$attr: int closeItemLayout
com.alipay.sdk.pay.demo.R$id: int progress_circular
com.alipay.sdk.pay.demo.R$dimen: int abc_text_size_body_2_material
com.alipay.sdk.pay.demo.R$styleable: int[] GradientColor
com.alipay.sdk.pay.demo.R$styleable: int ActionMode_closeItemLayout
com.alipay.sdk.pay.demo.R$styleable: int ActionBar_logo
...
android.support.mediacompat.R$drawable: int notification_bg
android.support.v7.view.menu.ListMenuPresenter$MenuAdapter: android.support.v7.view.menu.MenuItemImpl getItem(int)
android.support.coordinatorlayout.R$dimen: int notification_top_pad_large_text
android.support.v4.content.FileProvider: int update(android.net.Uri,android.content.ContentValues,java.lang.String,java.lang.String[])
android.support.v7.widget.ListPopupWindow: void setOverlapAnchor(boolean)
android.support.v4.content.res.ResourcesCompat$FontCallback: void callbackFailAsync(int,android.os.Handler)
android.support.design.widget.CoordinatorLayout: void drawableStateChanged()
android.support.v4.media.MediaBrowserCompat$MediaBrowserImplApi21: java.lang.Object mBrowserObj
android.support.v4.media.session.MediaControllerCompat$Callback$StubApi21: void onPlaybackStateChanged(java.lang.Object)
android.support.v7.widget.AppCompatEditText: AppCompatEditText(android.content.Context)
android.support.v4.content.res.FontResourcesParserCompat: int ITALIC
android.support.v7.graphics.drawable.DrawableWrapper: void setChangingConfigurations(int)
android.support.v7.viewpager.R$attr: int fontProviderCerts
android.support.v4.app.BackStackRecord: int mTransition
android.support.v4.view.ViewCompat: void dispatchFinishTemporaryDetach(android.view.View)
android.support.v4.view.ViewCompat$UnhandledKeyEventManager: boolean preDispatch(android.view.KeyEvent)
android.support.v4.widget.EdgeEffectCompat: void onPull(android.widget.EdgeEffect,float,float)
android.support.v7.viewpager.R$id: int normal
android.support.asynclayoutinflater.R$id: int chronometer
android.support.v7.widget.ActionBarOverlayLayout: boolean onNestedFling(android.view.View,float,float,boolean)
android.support.v4.view.MotionEventCompat: int AXIS_GENERIC_4
android.support.v7.view.menu.MenuPopupHelper: void setOnDismissListener(android.widget.PopupWindow$OnDismissListener)
android.support.asynclayoutinflater.R$id: int icon_group
android.support.v7.view.menu.StandardMenuPopup$2
android.support.v7.appcompat.R$styleable: int AppCompatTheme_selectableItemBackgroundBorderless
android.support.v4.view.ViewPager: int mCurItem
com.alipay.sdk.m.i0.b: java.lang.String a
android.support.v4.widget.SwipeRefreshLayout: SwipeRefreshLayout(android.content.Context)
com.alipay.sdk.m.u.h$b: com.alipay.sdk.m.u.h b
android.support.drawerlayout.R$layout: int notification_template_custom_big
android.support.v7.appcompat.R$string: int abc_font_family_title_material
android.support.v4.app.ShareCompat$IntentReader: java.lang.String[] getEmailBcc()
android.support.v7.widget.ActionBarOverlayLayout: android.graphics.Rect mInnerInsets
android.support.v4.util.LogWriter: void flushBuilder()
android.support.v4.view.AsyncLayoutInflater$InflateThread: void enqueue(android.support.v4.view.AsyncLayoutInflater$InflateRequest)
android.support.v4.util.SparseArrayCompat: int mSize
android.support.v4.app.NotificationCompat: int FLAG_ONLY_ALERT_ONCE
android.support.coreui.R$dimen: int notification_large_icon_width
android.support.v4.app.FragmentTransitionImpl: void swapSharedElementTargets(java.lang.Object,java.util.ArrayList,java.util.ArrayList)
android.support.drawerlayout.R$attr: int font
android.support.v4.view.NestedScrollingChild: boolean isNestedScrollingEnabled()
android.arch.lifecycle.LiveData: void setValue(java.lang.Object)
com.alipay.sdk.m.m0.a: void a(java.lang.String,java.lang.String)
com.alipay.sdk.m.k.b: java.lang.String m0
android.support.v4.app.OneShotPreDrawListener: android.view.ViewTreeObserver mViewTreeObserver
com.alipay.sdk.R$id: int action_container
android.support.v7.app.WindowDecorActionBar: android.content.Context mContext
android.support.v7.appcompat.R$drawable: int abc_ic_arrow_drop_right_black_24dp
android.support.annotation.RequiresPermission$Read: android.support.annotation.RequiresPermission value()
android.support.v4.widget.SwipeRefreshLayout: int DEFAULT_CIRCLE_TARGET