aliPay-andrioid/alipay_demo/app/build/outputs/mapping/release/mapping.txt
# compiler: R8
# compiler_version: 1.6.82
# min_api: 19
# pg_map_id: d5277b1
# common_typos_disable
com.alipay.sdk.pay.demo.AuthResult -> m3.a:
    java.lang.String alipayOpenId -> f
    java.lang.String resultStatus -> a
    java.lang.String memo -> c
    java.lang.String result -> b
    java.lang.String authCode -> e
    java.lang.String resultCode -> d
    1:1:void <init>(java.util.Map,boolean):16:16 -> <init>
    2:8:void <init>(java.util.Map,boolean):21:27 -> <init>
    9:12:void <init>(java.util.Map,boolean):31:34 -> <init>
    13:14:void <init>(java.util.Map,boolean):37:38 -> <init>
    15:16:void <init>(java.util.Map,boolean):41:42 -> <init>
    1:3:java.lang.String removeBrackets(java.lang.String,boolean):51:53 -> a
    4:5:java.lang.String removeBrackets(java.lang.String,boolean):55:56 -> a
    6:6:java.lang.String getValue(java.lang.String,java.lang.String):69:69 -> a
    7:7:java.lang.String getAlipayOpenId():111:111 -> a
    1:1:java.lang.String getAuthCode():104:104 -> b
    1:1:java.lang.String getMemo():83:83 -> c
    1:1:java.lang.String getResult():90:90 -> d
    1:1:java.lang.String getResultCode():97:97 -> e
    1:1:java.lang.String getResultStatus():76:76 -> f
    1:1:java.lang.String toString():65:65 -> toString
com.alipay.sdk.pay.demo.Base64 -> m3.b:
    char PAD -> h
    int FOURBYTE -> f
    int SIGN -> g
    char[] lookUpBase64Alphabet -> j
    int EIGHTBIT -> d
    int SIXTEENBIT -> e
    byte[] base64Alphabet -> i
    int LOOKUPLENGTH -> b
    int TWENTYFOURBITGROUP -> c
    int BASELENGTH -> a
    1:2:void <clinit>():13:14 -> <clinit>
    3:3:void <clinit>():18:18 -> <clinit>
    4:4:void <clinit>():21:21 -> <clinit>
    5:5:void <clinit>():24:24 -> <clinit>
    6:6:void <clinit>():28:28 -> <clinit>
    7:8:void <clinit>():31:32 -> <clinit>
    9:9:void <clinit>():35:35 -> <clinit>
    10:10:void <clinit>():39:39 -> <clinit>
    11:11:void <clinit>():43:43 -> <clinit>
    12:13:void <clinit>():45:46 -> <clinit>
    1:1:void <init>():3:3 -> <init>
    1:1:boolean isData(char):59:59 -> a
    2:2:java.lang.String encode(byte[]):75:75 -> a
    3:4:java.lang.String encode(byte[]):80:81 -> a
    5:5:java.lang.String encode(byte[]):86:86 -> a
    6:8:java.lang.String encode(byte[]):94:96 -> a
    9:12:java.lang.String encode(byte[]):108:111 -> a
    13:13:java.lang.String encode(byte[]):116:116 -> a
    14:17:java.lang.String encode(byte[]):121:124 -> a
    18:19:java.lang.String encode(byte[]):126:127 -> a
    20:23:java.lang.String encode(byte[]):136:139 -> a
    24:24:java.lang.String encode(byte[]):142:142 -> a
    25:25:byte[] decode(java.lang.String):158:158 -> a
    26:26:byte[] decode(java.lang.String):160:160 -> a
    27:27:byte[] decode(java.lang.String):162:162 -> a
com.alipay.sdk.pay.demo.BuildConfig -> m3.c:
    java.lang.String VERSION_NAME -> f
    int VERSION_CODE -> e
    boolean DEBUG -> a
    java.lang.String BUILD_TYPE -> c
    java.lang.String APPLICATION_ID -> b
    java.lang.String FLAVOR -> d
    1:1:void <init>():6:6 -> <init>
com.alipay.sdk.pay.demo.ExternalFragment -> com.alipay.sdk.pay.demo.ExternalFragment:
    1:1:void <init>():9:9 -> <init>
    1:1:android.view.View onCreateView(android.view.LayoutInflater,android.view.ViewGroup,android.os.Bundle):14:14 -> a
...
com.alipay.sdk.app.APayEntranceActivity -> com.alipay.sdk.app.APayEntranceActivity:
    java.lang.String f -> g
    java.lang.String e -> f
    java.lang.String g -> h
    java.lang.String b -> c
    java.lang.String a -> b
    java.lang.String d -> e
    com.alipay.sdk.m.s.a c -> d
    java.util.concurrent.ConcurrentHashMap h -> i
    1:1:void <clinit>() -> <clinit>
    1:1:void <init>() -> <init>
    1:4:void finish() -> finish
    5:5:void finish():7:7 -> finish
    6:6:void finish():9:9 -> finish
    7:7:void finish():11:11 -> finish
    8:8:void finish():15:15 -> finish
    9:9:void finish():17:17 -> finish
    1:2:void onActivityResult(int,int,android.content.Intent) -> onActivityResult
    3:3:void onActivityResult(int,int,android.content.Intent):6:6 -> onActivityResult
    4:4:void onActivityResult(int,int,android.content.Intent):10:10 -> onActivityResult
    1:1:void onCreate(android.os.Bundle) -> onCreate
    2:2:void onCreate(android.os.Bundle):6:6 -> onCreate
    3:3:void onCreate(android.os.Bundle):8:8 -> onCreate
    4:7:void onCreate(android.os.Bundle):12:15 -> onCreate
    8:10:void onCreate(android.os.Bundle):21:23 -> onCreate
    11:14:void onCreate(android.os.Bundle):26:29 -> onCreate
    15:15:void onCreate(android.os.Bundle):31:31 -> onCreate
    16:17:void onCreate(android.os.Bundle):33:34 -> onCreate
    18:19:void onCreate(android.os.Bundle):36:37 -> onCreate
com.alipay.sdk.app.AlipayResultActivity -> com.alipay.sdk.app.AlipayResultActivity:
    java.util.concurrent.ConcurrentHashMap a -> b
    1:1:void <clinit>() -> <clinit>
    1:1:void <init>() -> <init>
    1:1:void a(java.lang.String,android.os.Bundle) -> a
    2:2:void a(java.lang.String,android.os.Bundle):3:3 -> a
    3:6:void a(java.lang.String,android.os.Bundle):8:11 -> a
    7:7:void a(java.lang.String,android.os.Bundle):13:13 -> a
    1:1:void onCreate(android.os.Bundle) -> onCreate
    2:2:void onCreate(android.os.Bundle):4:4 -> onCreate
    3:5:void onCreate(android.os.Bundle):12:14 -> onCreate
    6:6:void onCreate(android.os.Bundle):16:16 -> onCreate
    7:7:void onCreate(android.os.Bundle):18:18 -> onCreate
    8:8:void onCreate(android.os.Bundle):22:22 -> onCreate
    9:10:void onCreate(android.os.Bundle):31:32 -> onCreate
    11:11:void onCreate(android.os.Bundle):37:37 -> onCreate
    12:18:void onCreate(android.os.Bundle):39:45 -> onCreate
    19:24:void onCreate(android.os.Bundle):47:52 -> onCreate
    25:26:void onCreate(android.os.Bundle):55:56 -> onCreate
    27:27:void onCreate(android.os.Bundle):61:61 -> onCreate
    28:29:void onCreate(android.os.Bundle):66:67 -> onCreate
    30:31:void onCreate(android.os.Bundle):70:71 -> onCreate
    32:32:void onCreate(android.os.Bundle):75:75 -> onCreate
    33:41:void onCreate(android.os.Bundle):77:85 -> onCreate
    42:42:void onCreate(android.os.Bundle):136:136 -> onCreate